\BOOKMARK [1][-]{Inhalt.1}{Inhaltsverzeichnis}{}% 1
\BOOKMARK [1][-]{section.1}{1 Einleitung}{}% 2
\BOOKMARK [2][-]{subsection.1.1}{1.1 Motivation}{section.1}% 3
\BOOKMARK [2][-]{subsection.1.2}{1.2 Problemstellung}{section.1}% 4
\BOOKMARK [2][-]{subsection.1.3}{1.3 Ziel und L\366sungsansatz}{section.1}% 5
\BOOKMARK [2][-]{subsection.1.4}{1.4 Hintergrund des MAPE-Ks}{section.1}% 6
\BOOKMARK [2][-]{subsection.1.5}{1.5 Verwandte Arbeiten}{section.1}% 7
\BOOKMARK [1][-]{section.2}{2 Drohnenanordnungsmethode}{}% 8
\BOOKMARK [2][-]{subsection.2.1}{2.1 Funktionssweise}{section.2}% 9
\BOOKMARK [2][-]{subsection.2.2}{2.2 Dimensionen}{section.2}% 10
\BOOKMARK [1][-]{section.3}{3 Kollisionsvermeidung: Zentraler Ansatz}{}% 11
\BOOKMARK [2][-]{subsection.3.1}{3.1 Gruppenerkennung}{section.3}% 12
\BOOKMARK [3][-]{subsubsection.3.1.1}{3.1.1 Grundlagen}{subsection.3.1}% 13
\BOOKMARK [3][-]{subsubsection.3.1.2}{3.1.2 Methode}{subsection.3.1}% 14
\BOOKMARK [2][-]{subsection.3.2}{3.2 Zentrales MAPE-K}{section.3}% 15
\BOOKMARK [1][-]{section.4}{4 Kollisionsvermeidung: Dezentraler Ansatz}{}% 16
\BOOKMARK [1][-]{section.5}{5 Evaluierung}{}% 17
\BOOKMARK [1][-]{section.6}{6 Zuk\374nftige Arbeit}{}% 18
\BOOKMARK [1][-]{section.7}{7 Fazit}{}% 19
\BOOKMARK [1][-]{section*.18}{Literaturverzeichnis}{}% 20
