This is pdfTeX, Version 3.14159265-2.6-1.40.19 (MiKTeX 2.9.6630 64-bit) (preloaded format=pdflatex 2018.6.13)  17 NOV 2018 14:27
entering extended mode
**./Bachelorarbeit.tex
(Bachelorarbeit.tex
LaTeX2e <2017-04-15>
Babel <3.18> and hyphenation patterns for 75 language(s) loaded.
("C:\Users\Gonzalo\AppData\Local\Programs\MiKTeX 2.9\tex\latex\base\article.cls
"
Document Class: article 2014/09/29 v1.4h Standard LaTeX document class
("C:\Users\Gonzalo\AppData\Local\Programs\MiKTeX 2.9\tex\latex\base\size12.clo"
File: size12.clo 2014/09/29 v1.4h Standard LaTeX file (size option)
)
\c@part=\count79
\c@section=\count80
\c@subsection=\count81
\c@subsubsection=\count82
\c@paragraph=\count83
\c@subparagraph=\count84
\c@figure=\count85
\c@table=\count86
\abovecaptionskip=\skip41
\belowcaptionskip=\skip42
\bibindent=\dimen102
) ("C:\Users\Gonzalo\AppData\Local\Programs\MiKTeX 2.9\tex\latex\ucs\ucs.sty"
Package: ucs 2013/05/11 v2.2 UCS: Unicode input support

("C:\Users\Gonzalo\AppData\Local\Programs\MiKTeX 2.9\tex\latex\ucs\uni-global.d
ef"
File: uni-global.def 2013/05/13 UCS: Unicode global data
)
\uc@secondtry=\count87
\uc@combtoks=\toks14
\uc@combtoksb=\toks15
\uc@temptokena=\toks16
)
("C:\Users\Gonzalo\AppData\Local\Programs\MiKTeX 2.9\tex\latex\base\inputenc.st
y"
Package: inputenc 2015/03/17 v1.2c Input encoding file
\inpenc@prehook=\toks17
\inpenc@posthook=\toks18
 ("C:\Users\Gonzalo\AppData\Local\Programs\MiKTeX 2.9\tex\latex\ucs\utf8x.def"
File: utf8x.def 2004/10/17 UCS: Input encoding UTF-8
))
("C:\Users\Gonzalo\AppData\Local\Programs\MiKTeX 2.9\tex\generic\babel\babel.st
y"
Package: babel 2018/02/14 3.18 The Babel package

("C:\Users\Gonzalo\AppData\Local\Programs\MiKTeX 2.9\tex\generic\babel\switch.d
ef"
File: switch.def 2018/02/14 3.18 Babel switching mechanism
)
*************************************
* Local config file bblopts.cfg used
*

("C:\Users\Gonzalo\AppData\Local\Programs\MiKTeX 2.9\tex\latex\arabi\bblopts.cf
g"
File: bblopts.cfg 2005/09/08 v0.1 add Arabic and Farsi to "declared" options of
 babel
)
("C:\Users\Gonzalo\AppData\Local\Programs\MiKTeX 2.9\tex\latex\babel-german\ger
man.ldf"
Language: german 2016/11/02 v2.9 German support for babel (traditional orthogra
phy)

("C:\Users\Gonzalo\AppData\Local\Programs\MiKTeX 2.9\tex\latex\babel-german\ger
manb.ldf"
Language: germanb 2016/11/02 v2.9 German support for babel (traditional orthogr
aphy)

("C:\Users\Gonzalo\AppData\Local\Programs\MiKTeX 2.9\tex\generic\babel\babel.de
f"
File: babel.def 2018/02/14 3.18 Babel common definitions
\babel@savecnt=\count88
\U@D=\dimen103

("C:\Users\Gonzalo\AppData\Local\Programs\MiKTeX 2.9\tex\generic\babel\txtbabel
.def")
\bbl@dirlevel=\count89
)
Package babel Info: Making " an active character on input line 139.
))
("C:\Users\Gonzalo\AppData\Local\Programs\MiKTeX 2.9\tex\latex\babel-german\nge
rman.ldf"
Language: ngerman 2016/11/02 v2.9 German support for babel (new orthography)

("C:\Users\Gonzalo\AppData\Local\Programs\MiKTeX 2.9\tex\latex\babel-german\nge
rmanb.ldf"
Language: ngermanb 2016/11/02 v2.9 German support for babel (new orthography)
))
("C:\Users\Gonzalo\AppData\Local\Programs\MiKTeX 2.9\tex\latex\babel-english\en
glish.ldf"
Language: english 2017/06/06 v3.3r English support from the babel system
\l@canadian = a dialect from \language\l@american 
\l@australian = a dialect from \language\l@british 
\l@newzealand = a dialect from \language\l@british 
))
("C:\Users\Gonzalo\AppData\Local\Programs\MiKTeX 2.9\tex\latex\tools\verbatim.s
ty"
Package: verbatim 2014/10/28 v1.5q LaTeX2e package for verbatim enhancements
\every@verbatim=\toks19
\verbatim@line=\toks20
\verbatim@in@stream=\read1
)
("C:\Users\Gonzalo\AppData\Local\Programs\MiKTeX 2.9\tex\latex\base\latexsym.st
y"
Package: latexsym 1998/08/17 v2.2e Standard LaTeX package (lasy symbols)
\symlasy=\mathgroup4
LaTeX Font Info:    Overwriting symbol font `lasy' in version `bold'
(Font)                  U/lasy/m/n --> U/lasy/b/n on input line 52.
)
("C:\Users\Gonzalo\AppData\Local\Programs\MiKTeX 2.9\tex\latex\graphics\color.s
ty"
Package: color 2016/07/10 v1.1e Standard LaTeX Color (DPC)

("C:\Users\Gonzalo\AppData\Local\Programs\MiKTeX 2.9\tex\latex\graphics-cfg\col
or.cfg"
File: color.cfg 2016/01/02 v1.6 sample color configuration
)
Package color Info: Driver file: pdftex.def on input line 147.

("C:\Users\Gonzalo\AppData\Local\Programs\MiKTeX 2.9\tex\latex\graphics-def\pdf
tex.def"
File: pdftex.def 2018/01/08 v1.0l Graphics/color driver for pdftex
))
("C:\Users\Gonzalo\AppData\Local\Programs\MiKTeX 2.9\tex\latex\graphics\graphic
x.sty"
Package: graphicx 2017/06/01 v1.1a Enhanced LaTeX Graphics (DPC,SPQR)

("C:\Users\Gonzalo\AppData\Local\Programs\MiKTeX 2.9\tex\latex\graphics\keyval.
sty"
Package: keyval 2014/10/28 v1.15 key=value parser (DPC)
\KV@toks@=\toks21
)
("C:\Users\Gonzalo\AppData\Local\Programs\MiKTeX 2.9\tex\latex\graphics\graphic
s.sty"
Package: graphics 2017/06/25 v1.2c Standard LaTeX Graphics (DPC,SPQR)

("C:\Users\Gonzalo\AppData\Local\Programs\MiKTeX 2.9\tex\latex\graphics\trig.st
y"
Package: trig 2016/01/03 v1.10 sin cos tan (DPC)
)
("C:\Users\Gonzalo\AppData\Local\Programs\MiKTeX 2.9\tex\latex\graphics-cfg\gra
phics.cfg"
File: graphics.cfg 2016/06/04 v1.11 sample graphics configuration
)
Package graphics Info: Driver file: pdftex.def on input line 99.
)
\Gin@req@height=\dimen104
\Gin@req@width=\dimen105
)
("C:\Users\Gonzalo\AppData\Local\Programs\MiKTeX 2.9\tex\latex\tools\tabularx.s
ty"
Package: tabularx 2016/02/03 v2.11 `tabularx' package (DPC)

("C:\Users\Gonzalo\AppData\Local\Programs\MiKTeX 2.9\tex\latex\tools\array.sty"
Package: array 2016/10/06 v2.4d Tabular extension package (FMi)
\col@sep=\dimen106
\extrarowheight=\dimen107
\NC@list=\toks22
\extratabsurround=\skip43
\backup@length=\skip44
)
\TX@col@width=\dimen108
\TX@old@table=\dimen109
\TX@old@col=\dimen110
\TX@target=\dimen111
\TX@delta=\dimen112
\TX@cols=\count90
\TX@ftn=\toks23
)
("C:\Users\Gonzalo\AppData\Local\Programs\MiKTeX 2.9\tex\latex\base\fontenc.sty
"
Package: fontenc 2017/04/05 v2.0i Standard LaTeX package
 ("C:\Users\Gonzalo\AppData\Local\Programs\MiKTeX 2.9\tex\latex\base\t1enc.def"
File: t1enc.def 2017/04/05 v2.0i Standard LaTeX file
LaTeX Font Info:    Redeclaring font encoding T1 on input line 48.
)) ("C:\Users\Gonzalo\AppData\Local\Programs\MiKTeX 2.9\tex\latex\ae\ae.sty"
Package: ae 2001/02/12 1.3 Almost European Computer Modern

("C:\Users\Gonzalo\AppData\Local\Programs\MiKTeX 2.9\tex\latex\base\fontenc.sty
"
Package: fontenc 2017/04/05 v2.0i Standard LaTeX package
 ("C:\Users\Gonzalo\AppData\Local\Programs\MiKTeX 2.9\tex\latex\base\t1enc.def"
File: t1enc.def 2017/04/05 v2.0i Standard LaTeX file
LaTeX Font Info:    Redeclaring font encoding T1 on input line 48.
)
LaTeX Font Info:    Try loading font information for T1+aer on input line 105.
 ("C:\Users\Gonzalo\AppData\Local\Programs\MiKTeX 2.9\tex\latex\ae\t1aer.fd"
File: t1aer.fd 1997/11/16 Font definitions for T1/aer.
)))
("C:\Users\Gonzalo\AppData\Local\Programs\MiKTeX 2.9\tex\latex\geometry\geometr
y.sty"
Package: geometry 2010/09/12 v5.6 Page Geometry

("C:\Users\Gonzalo\AppData\Local\Programs\MiKTeX 2.9\tex\generic\oberdiek\ifpdf
.sty"
Package: ifpdf 2017/03/15 v3.2 Provides the ifpdf switch
)
("C:\Users\Gonzalo\AppData\Local\Programs\MiKTeX 2.9\tex\generic\oberdiek\ifvte
x.sty"
Package: ifvtex 2016/05/16 v1.6 Detect VTeX and its facilities (HO)
Package ifvtex Info: VTeX not detected.
)
("C:\Users\Gonzalo\AppData\Local\Programs\MiKTeX 2.9\tex\generic\ifxetex\ifxete
x.sty"
Package: ifxetex 2010/09/12 v0.6 Provides ifxetex conditional
)
\Gm@cnth=\count91
\Gm@cntv=\count92
\c@Gm@tempcnt=\count93
\Gm@bindingoffset=\dimen113
\Gm@wd@mp=\dimen114
\Gm@odd@mp=\dimen115
\Gm@even@mp=\dimen116
\Gm@layoutwidth=\dimen117
\Gm@layoutheight=\dimen118
\Gm@layouthoffset=\dimen119
\Gm@layoutvoffset=\dimen120
\Gm@dimlist=\toks24

("C:\Users\Gonzalo\AppData\Local\Programs\MiKTeX 2.9\tex\latex\geometry\geometr
y.cfg"))
("C:\Users\Gonzalo\AppData\Local\Programs\MiKTeX 2.9\tex\latex\caption\caption.
sty"
Package: caption 2018/05/01 v3.3-147 Customizing captions (AR)

("C:\Users\Gonzalo\AppData\Local\Programs\MiKTeX 2.9\tex\latex\caption\caption3
.sty"
Package: caption3 2018/05/27 v1.8a caption3 kernel (AR)
Package caption3 Info: TeX engine: e-TeX on input line 64.
\captionmargin=\dimen121
\captionmargin@=\dimen122
\captionwidth=\dimen123
\caption@tempdima=\dimen124
\caption@indent=\dimen125
\caption@parindent=\dimen126
\caption@hangindent=\dimen127
)
\c@ContinuedFloat=\count94
)
("C:\Users\Gonzalo\AppData\Local\Programs\MiKTeX 2.9\tex\latex\fancyhdr\fancyhd
r.sty"
Package: fancyhdr 2017/06/30 v3.9a Extensive control of page headers and footer
s
\f@nch@headwidth=\skip45
\f@nch@O@elh=\skip46
\f@nch@O@erh=\skip47
\f@nch@O@olh=\skip48
\f@nch@O@orh=\skip49
\f@nch@O@elf=\skip50
\f@nch@O@erf=\skip51
\f@nch@O@olf=\skip52
\f@nch@O@orf=\skip53
)
("C:\Users\Gonzalo\AppData\Local\Programs\MiKTeX 2.9\tex\latex\hyperref\hyperre
f.sty"
Package: hyperref 2018/02/06 v6.86b Hypertext links for LaTeX

("C:\Users\Gonzalo\AppData\Local\Programs\MiKTeX 2.9\tex\generic\oberdiek\hobsu
b-hyperref.sty"
Package: hobsub-hyperref 2016/05/16 v1.14 Bundle oberdiek, subset hyperref (HO)


("C:\Users\Gonzalo\AppData\Local\Programs\MiKTeX 2.9\tex\generic\oberdiek\hobsu
b-generic.sty"
Package: hobsub-generic 2016/05/16 v1.14 Bundle oberdiek, subset generic (HO)
Package: hobsub 2016/05/16 v1.14 Construct package bundles (HO)
Package: infwarerr 2016/05/16 v1.4 Providing info/warning/error messages (HO)
Package: ltxcmds 2016/05/16 v1.23 LaTeX kernel commands for general use (HO)
Package: ifluatex 2016/05/16 v1.4 Provides the ifluatex switch (HO)
Package ifluatex Info: LuaTeX not detected.
Package hobsub Info: Skipping package `ifvtex' (already loaded).
Package: intcalc 2016/05/16 v1.2 Expandable calculations with integers (HO)
Package hobsub Info: Skipping package `ifpdf' (already loaded).
Package: etexcmds 2016/05/16 v1.6 Avoid name clashes with e-TeX commands (HO)
Package etexcmds Info: Could not find \expanded.
(etexcmds)             That can mean that you are not using pdfTeX 1.50 or
(etexcmds)             that some package has redefined \expanded.
(etexcmds)             In the latter case, load this package earlier.
Package: kvsetkeys 2016/05/16 v1.17 Key value parser (HO)
Package: kvdefinekeys 2016/05/16 v1.4 Define keys (HO)
Package: pdftexcmds 2018/01/21 v0.26 Utility functions of pdfTeX for LuaTeX (HO
)
Package pdftexcmds Info: LuaTeX not detected.
Package pdftexcmds Info: \pdf@primitive is available.
Package pdftexcmds Info: \pdf@ifprimitive is available.
Package pdftexcmds Info: \pdfdraftmode found.
Package: pdfescape 2016/05/16 v1.14 Implements pdfTeX's escape features (HO)
Package: bigintcalc 2016/05/16 v1.4 Expandable calculations on big integers (HO
)
Package: bitset 2016/05/16 v1.2 Handle bit-vector datatype (HO)
Package: uniquecounter 2016/05/16 v1.3 Provide unlimited unique counter (HO)
)
Package hobsub Info: Skipping package `hobsub' (already loaded).
Package: letltxmacro 2016/05/16 v1.5 Let assignment for LaTeX macros (HO)
Package: hopatch 2016/05/16 v1.3 Wrapper for package hooks (HO)
Package: xcolor-patch 2016/05/16 xcolor patch
Package: atveryend 2016/05/16 v1.9 Hooks at the very end of document (HO)
Package atveryend Info: \enddocument detected (standard20110627).
Package: atbegshi 2016/06/09 v1.18 At begin shipout hook (HO)
Package: refcount 2016/05/16 v3.5 Data extraction from label references (HO)
Package: hycolor 2016/05/16 v1.8 Color options for hyperref/bookmark (HO)
)
("C:\Users\Gonzalo\AppData\Local\Programs\MiKTeX 2.9\tex\latex\oberdiek\auxhook
.sty"
Package: auxhook 2016/05/16 v1.4 Hooks for auxiliary files (HO)
)
("C:\Users\Gonzalo\AppData\Local\Programs\MiKTeX 2.9\tex\latex\oberdiek\kvoptio
ns.sty"
Package: kvoptions 2016/05/16 v3.12 Key value format for package options (HO)
)
\@linkdim=\dimen128
\Hy@linkcounter=\count95
\Hy@pagecounter=\count96

("C:\Users\Gonzalo\AppData\Local\Programs\MiKTeX 2.9\tex\latex\hyperref\pd1enc.
def"
File: pd1enc.def 2018/02/06 v6.86b Hyperref: PDFDocEncoding definition (HO)
)
\Hy@SavedSpaceFactor=\count97

("C:\Users\Gonzalo\AppData\Local\Programs\MiKTeX 2.9\tex\latex\00miktex\hyperre
f.cfg"
File: hyperref.cfg 2002/06/06 v1.2 hyperref configuration of TeXLive
)
Package hyperref Info: Option `pdfpagelabels' set `true' on input line 4383.
Package hyperref Info: Option `hyperfigures' set `true' on input line 4383.
Package hyperref Info: Option `bookmarksnumbered' set `true' on input line 4383
.
Package hyperref Info: Option `naturalnames' set `true' on input line 4383.
Package hyperref Info: Option `plainpages' set `false' on input line 4383.
Package hyperref Info: Hyper figures ON on input line 4507.
Package hyperref Info: Link nesting OFF on input line 4514.
Package hyperref Info: Hyper index ON on input line 4517.
Package hyperref Info: Plain pages OFF on input line 4524.
Package hyperref Info: Backreferencing OFF on input line 4529.
Package hyperref Info: Implicit mode ON; LaTeX internals redefined.
Package hyperref Info: Bookmarks ON on input line 4762.
\c@Hy@tempcnt=\count98

("C:\Users\Gonzalo\AppData\Local\Programs\MiKTeX 2.9\tex\latex\url\url.sty"
\Urlmuskip=\muskip10
Package: url 2013/09/16  ver 3.4  Verb mode for urls, etc.
)
LaTeX Info: Redefining \url on input line 5115.
\XeTeXLinkMargin=\dimen129
\Fld@menulength=\count99
\Field@Width=\dimen130
\Fld@charsize=\dimen131
Package hyperref Info: Hyper figures ON on input line 6367.
Package hyperref Info: Link nesting OFF on input line 6374.
Package hyperref Info: Hyper index ON on input line 6377.
Package hyperref Info: backreferencing OFF on input line 6384.
Package hyperref Info: Link coloring OFF on input line 6389.
Package hyperref Info: Link coloring with OCG OFF on input line 6394.
Package hyperref Info: PDF/A mode OFF on input line 6399.
LaTeX Info: Redefining \ref on input line 6439.
LaTeX Info: Redefining \pageref on input line 6443.
\Hy@abspage=\count100
\c@Item=\count101
\c@Hfootnote=\count102
)
Package hyperref Info: Driver (autodetected): hpdftex.

("C:\Users\Gonzalo\AppData\Local\Programs\MiKTeX 2.9\tex\latex\hyperref\hpdftex
.def"
File: hpdftex.def 2018/02/06 v6.86b Hyperref driver for pdfTeX
\Fld@listcount=\count103
\c@bookmark@seq@number=\count104

("C:\Users\Gonzalo\AppData\Local\Programs\MiKTeX 2.9\tex\latex\oberdiek\rerunfi
lecheck.sty"
Package: rerunfilecheck 2016/05/16 v1.8 Rerun checks for auxiliary files (HO)
Package uniquecounter Info: New unique counter `rerunfilecheck' on input line 2
82.
)
\Hy@SectionHShift=\skip54
)
Package hyperref Info: Option `breaklinks' set `true' on input line 41.
Package hyperref Info: Option `colorlinks' set `true' on input line 41.


Package hyperref Warning: Option `pagecolor' is not available anymore.


("C:\Users\Gonzalo\AppData\Local\Programs\MiKTeX 2.9\tex\latex\oberdiek\hypcap.
sty"
Package: hypcap 2016/05/16 v1.12 Adjusting the anchors of captions (HO)
) (Bachelorarbeit.aux

LaTeX Warning: Label `fig:drohnenanordnungs_beispiel' multiply defined.

)
\openout1 = `Bachelorarbeit.aux'.

LaTeX Font Info:    Checking defaults for OML/cmm/m/it on input line 91.
LaTeX Font Info:    ... okay on input line 91.
LaTeX Font Info:    Checking defaults for T1/cmr/m/n on input line 91.
LaTeX Font Info:    ... okay on input line 91.
LaTeX Font Info:    Checking defaults for OT1/cmr/m/n on input line 91.
LaTeX Font Info:    ... okay on input line 91.
LaTeX Font Info:    Checking defaults for OMS/cmsy/m/n on input line 91.
LaTeX Font Info:    ... okay on input line 91.
LaTeX Font Info:    Checking defaults for OMX/cmex/m/n on input line 91.
LaTeX Font Info:    ... okay on input line 91.
LaTeX Font Info:    Checking defaults for U/cmr/m/n on input line 91.
LaTeX Font Info:    ... okay on input line 91.
LaTeX Font Info:    Checking defaults for PD1/pdf/m/n on input line 91.
LaTeX Font Info:    ... okay on input line 91.
 ("C:\Users\Gonzalo\AppData\Local\Programs\MiKTeX 2.9\tex\latex\ucs\ucsencs.def
"
File: ucsencs.def 2011/01/21 Fixes to fontencodings LGR, T3
)
("C:\Users\Gonzalo\AppData\Local\Programs\MiKTeX 2.9\tex\context\base\supp-pdf.
mkii"
[Loading MPS to PDF converter (version 2006.09.02).]
\scratchcounter=\count105
\scratchdimen=\dimen132
\scratchbox=\box26
\nofMPsegments=\count106
\nofMParguments=\count107
\everyMPshowfont=\toks25
\MPscratchCnt=\count108
\MPscratchDim=\dimen133
\MPnumerator=\count109
\makeMPintoPDFobject=\count110
\everyMPtoPDFconversion=\toks26
)
("C:\Users\Gonzalo\AppData\Local\Programs\MiKTeX 2.9\tex\latex\oberdiek\epstopd
f-base.sty"
Package: epstopdf-base 2016/05/15 v2.6 Base part for package epstopdf

("C:\Users\Gonzalo\AppData\Local\Programs\MiKTeX 2.9\tex\latex\oberdiek\grfext.
sty"
Package: grfext 2016/05/16 v1.2 Manage graphics extensions (HO)
)
Package epstopdf-base Info: Redefining graphics rule for `.eps' on input line 4
38.
Package grfext Info: Graphics extension search list:
(grfext)             [.pdf,.png,.jpg,.mps,.jpeg,.jbig2,.jb2,.PDF,.PNG,.JPG,.JPE
G,.JBIG2,.JB2,.eps]
(grfext)             \AppendGraphicsExtensions on input line 456.
)
*geometry* driver: auto-detecting
*geometry* detected driver: pdftex
*geometry* verbose mode - [ preamble ] result:
* driver: pdftex
* paper: a4paper
* layout: <same size as paper>
* layoutoffset:(h,v)=(0.0pt,0.0pt)
* modes: twoside 
* h-part:(L,W,R)=(71.70166pt, 418.25368pt, 107.55254pt)
* v-part:(T,H,B)=(101.40665pt, 591.5302pt, 152.11pt)
* \paperwidth=597.50787pt
* \paperheight=845.04684pt
* \textwidth=418.25368pt
* \textheight=591.5302pt
* \oddsidemargin=-0.56833pt
* \evensidemargin=35.28255pt
* \topmargin=-7.86334pt
* \headheight=14.5pt
* \headsep=25.0pt
* \topskip=12.0pt
* \footskip=30.0pt
* \marginparwidth=85.0pt
* \marginparsep=10.0pt
* \columnsep=10.0pt
* \skip\footins=10.8pt plus 4.0pt minus 2.0pt
* \hoffset=0.0pt
* \voffset=0.0pt
* \mag=1000
* \@twocolumnfalse
* \@twosidetrue
* \@mparswitchtrue
* \@reversemarginfalse
* (1in=72.27pt=25.4mm, 1cm=28.453pt)

Package caption Info: Begin \AtBeginDocument code.
Package caption Info: hyperref package is loaded.
Package caption Info: hypcap package is loaded.
Package caption Info: End \AtBeginDocument code.
\AtBeginShipoutBox=\box27
Package hyperref Info: Link coloring ON on input line 91.

("C:\Users\Gonzalo\AppData\Local\Programs\MiKTeX 2.9\tex\latex\hyperref\nameref
.sty"
Package: nameref 2016/05/21 v2.44 Cross-referencing by name of section

("C:\Users\Gonzalo\AppData\Local\Programs\MiKTeX 2.9\tex\generic\oberdiek\getti
tlestring.sty"
Package: gettitlestring 2016/05/16 v1.5 Cleanup title references (HO)
)
\c@section@level=\count111
)
LaTeX Info: Redefining \ref on input line 91.
LaTeX Info: Redefining \pageref on input line 91.
LaTeX Info: Redefining \nameref on input line 91.
 (Bachelorarbeit.out) (Bachelorarbeit.out)
\@outlinefile=\write3
\openout3 = `Bachelorarbeit.out'.

<tu_logo_3d_rot.pdf, id=75, 106.28242pt x 87.05595pt>
File: tu_logo_3d_rot.pdf Graphic file (type pdf)
<use tu_logo_3d_rot.pdf>
Package pdftex.def Info: tu_logo_3d_rot.pdf  used on input line 100.
(pdftex.def)             Requested size: 58.95686pt x 48.29137pt.
LaTeX Font Info:    External font `cmex10' loaded for size
(Font)              <12> on input line 100.
LaTeX Font Info:    External font `cmex10' loaded for size
(Font)              <8> on input line 100.
LaTeX Font Info:    External font `cmex10' loaded for size
(Font)              <6> on input line 100.
LaTeX Font Info:    Try loading font information for U+lasy on input line 100.

("C:\Users\Gonzalo\AppData\Local\Programs\MiKTeX 2.9\tex\latex\base\ulasy.fd"
File: ulasy.fd 1998/08/17 v2.2e LaTeX symbol font definitions
)
<logo.pdf, id=76, 872.29887pt x 339.52849pt>
File: logo.pdf Graphic file (type pdf)
<use logo.pdf>
Package pdftex.def Info: logo.pdf  used on input line 100.
(pdftex.def)             Requested size: 86.1656pt x 33.53519pt.

Overfull \hbox (35.24373pt too wide) in paragraph at lines 100--100
[]$[]$ 
 []

LaTeX Font Info:    External font `cmex10' loaded for size
(Font)              <14.4> on input line 100.
LaTeX Font Info:    External font `cmex10' loaded for size
(Font)              <7> on input line 100.
[1

{C:/Users/Gonzalo/AppData/Local/MiKTeX/2.9/pdftex/config/pdftex.map} <./tu_logo
_3d_rot.pdf> <./logo.pdf>] [2

]
("C:\Users\Gonzalo\AppData\Local\Programs\MiKTeX 2.9\tex\latex\ucs\uni-0.def"
File: uni-0.def 2013/05/13 UCS: Unicode data U+0000..U+00FF
)
Underfull \hbox (badness 10000) in paragraph at lines 108--120

 []


Underfull \hbox (badness 10000) in paragraph at lines 108--120

 []

[3] [4

]
Package babel Info: Redefining german shorthand "f
(babel)             in language  on input line 133.
Package babel Info: Redefining german shorthand "|
(babel)             in language  on input line 133.
Package babel Info: Redefining german shorthand "~
(babel)             in language  on input line 133.
Package babel Info: Redefining german shorthand "f
(babel)             in language  on input line 133.
Package babel Info: Redefining german shorthand "|
(babel)             in language  on input line 133.
Package babel Info: Redefining german shorthand "~
(babel)             in language  on input line 133.
 [5]
Package babel Info: Redefining german shorthand "f
(babel)             in language  on input line 134.
Package babel Info: Redefining german shorthand "|
(babel)             in language  on input line 134.
Package babel Info: Redefining german shorthand "~
(babel)             in language  on input line 134.
Package babel Info: Redefining german shorthand "f
(babel)             in language  on input line 134.
Package babel Info: Redefining german shorthand "|
(babel)             in language  on input line 134.
Package babel Info: Redefining german shorthand "~
(babel)             in language  on input line 134.
 [6

]
Package babel Info: Redefining german shorthand "f
(babel)             in language  on input line 137.
Package babel Info: Redefining german shorthand "|
(babel)             in language  on input line 137.
Package babel Info: Redefining german shorthand "~
(babel)             in language  on input line 137.
 (Bachelorarbeit.toc)
\tf@toc=\write4
\openout4 = `Bachelorarbeit.toc'.

Package babel Info: Redefining german shorthand "f
(babel)             in language  on input line 141.
Package babel Info: Redefining german shorthand "|
(babel)             in language  on input line 141.
Package babel Info: Redefining german shorthand "~
(babel)             in language  on input line 141.
Package babel Info: Redefining german shorthand "f
(babel)             in language  on input line 141.
Package babel Info: Redefining german shorthand "|
(babel)             in language  on input line 141.
Package babel Info: Redefining german shorthand "~
(babel)             in language  on input line 141.
 [1]
Package hyperref Info: Option `breaklinks' set `true' on input line 142.
Package babel Info: Redefining german shorthand "f
(babel)             in language  on input line 143.
Package babel Info: Redefining german shorthand "|
(babel)             in language  on input line 143.
Package babel Info: Redefining german shorthand "~
(babel)             in language  on input line 143.
Package babel Info: Redefining german shorthand "f
(babel)             in language  on input line 143.
Package babel Info: Redefining german shorthand "|
(babel)             in language  on input line 143.
Package babel Info: Redefining german shorthand "~
(babel)             in language  on input line 143.
 [2

]
\c@1=\count112
Package babel Info: Redefining german shorthand "f
(babel)             in language  on input line 145.
Package babel Info: Redefining german shorthand "|
(babel)             in language  on input line 145.
Package babel Info: Redefining german shorthand "~
(babel)             in language  on input line 145.
Package babel Info: Redefining german shorthand "f
(babel)             in language  on input line 157.
Package babel Info: Redefining german shorthand "|
(babel)             in language  on input line 157.
Package babel Info: Redefining german shorthand "~
(babel)             in language  on input line 157.

("C:\Users\Gonzalo\AppData\Local\Programs\MiKTeX 2.9\tex\latex\ucs\uni-32.def"
File: uni-32.def 2013/05/13 UCS: Unicode data U+2000..U+20FF
)
Package babel Info: Redefining german shorthand "f
(babel)             in language  on input line 171.
Package babel Info: Redefining german shorthand "|
(babel)             in language  on input line 171.
Package babel Info: Redefining german shorthand "~
(babel)             in language  on input line 171.
Package babel Info: Redefining german shorthand "f
(babel)             in language  on input line 182.
Package babel Info: Redefining german shorthand "|
(babel)             in language  on input line 182.
Package babel Info: Redefining german shorthand "~
(babel)             in language  on input line 182.
Package babel Info: Redefining german shorthand "f
(babel)             in language  on input line 182.
Package babel Info: Redefining german shorthand "|
(babel)             in language  on input line 182.
Package babel Info: Redefining german shorthand "~
(babel)             in language  on input line 182.
[1]
Package babel Info: Redefining german shorthand "f
(babel)             in language  on input line 182.
Package babel Info: Redefining german shorthand "|
(babel)             in language  on input line 182.
Package babel Info: Redefining german shorthand "~
(babel)             in language  on input line 182.
Package babel Info: Redefining german shorthand "f
(babel)             in language  on input line 209.
Package babel Info: Redefining german shorthand "|
(babel)             in language  on input line 209.
Package babel Info: Redefining german shorthand "~
(babel)             in language  on input line 209.
Package babel Info: Redefining german shorthand "f
(babel)             in language  on input line 211.
Package babel Info: Redefining german shorthand "|
(babel)             in language  on input line 211.
Package babel Info: Redefining german shorthand "~
(babel)             in language  on input line 211.
Package babel Info: Redefining german shorthand "f
(babel)             in language  on input line 214.
Package babel Info: Redefining german shorthand "|
(babel)             in language  on input line 214.
Package babel Info: Redefining german shorthand "~
(babel)             in language  on input line 214.

Underfull \vbox (badness 10000) has occurred while \output is active []

Package babel Info: Redefining german shorthand "f
(babel)             in language  on input line 220.
Package babel Info: Redefining german shorthand "|
(babel)             in language  on input line 220.
Package babel Info: Redefining german shorthand "~
(babel)             in language  on input line 220.
Package babel Info: Redefining german shorthand "f
(babel)             in language  on input line 220.
Package babel Info: Redefining german shorthand "|
(babel)             in language  on input line 220.
Package babel Info: Redefining german shorthand "~
(babel)             in language  on input line 220.
 [2]
LaTeX Font Info:    External font `cmex10' loaded for size
(Font)              <5> on input line 221.
<120px-Encounter_rule.png, id=163, 215.00325pt x 139.11975pt>
File: 120px-Encounter_rule.png Graphic file (type png)
<use 120px-Encounter_rule.png>
Package pdftex.def Info: 120px-Encounter_rule.png  used on input line 234.
(pdftex.def)             Requested size: 125.47737pt x 81.19048pt.
<120px-Crossing_rule.png, id=165, 216.81pt x 149.96025pt>
File: 120px-Crossing_rule.png Graphic file (type png)
<use 120px-Crossing_rule.png>
Package pdftex.def Info: 120px-Crossing_rule.png  used on input line 241.
(pdftex.def)             Requested size: 125.47737pt x 86.78935pt.
<120px-Overtaking_rule.png, id=166, 216.81pt x 130.086pt>
File: 120px-Overtaking_rule.png Graphic file (type png)
<use 120px-Overtaking_rule.png>
Package pdftex.def Info: 120px-Overtaking_rule.png  used on input line 249.
(pdftex.def)             Requested size: 125.47737pt x 75.28716pt.
Package babel Info: Redefining german shorthand "f
(babel)             in language  on input line 255.
Package babel Info: Redefining german shorthand "|
(babel)             in language  on input line 255.
Package babel Info: Redefining german shorthand "~
(babel)             in language  on input line 255.

Underfull \vbox (badness 10000) has occurred while \output is active []

Package babel Info: Redefining german shorthand "f
(babel)             in language  on input line 258.
Package babel Info: Redefining german shorthand "|
(babel)             in language  on input line 258.
Package babel Info: Redefining german shorthand "~
(babel)             in language  on input line 258.
Package babel Info: Redefining german shorthand "f
(babel)             in language  on input line 258.
Package babel Info: Redefining german shorthand "|
(babel)             in language  on input line 258.
Package babel Info: Redefining german shorthand "~
(babel)             in language  on input line 258.
 [3 <./120px-Encounter_rule.png>]
<Drohnenanordnungsmethode.png, id=181, 461.47406pt x 298.11375pt>
File: Drohnenanordnungsmethode.png Graphic file (type png)
<use Drohnenanordnungsmethode.png>
Package pdftex.def Info: Drohnenanordnungsmethode.png  used on input line 265.
(pdftex.def)             Requested size: 292.77629pt x 189.13182pt.


pdfTeX warning: pdflatex (file ./Drohnenanordnungsmethode_Beispiel.pdf): PDF in
clusion: found PDF version <1.7>, but at most version <1.5> allowed
<Drohnenanordnungsmethode_Beispiel.pdf, id=182, 844.65562pt x 596.98032pt>
File: Drohnenanordnungsmethode_Beispiel.pdf Graphic file (type pdf)
<use Drohnenanordnungsmethode_Beispiel.pdf>
Package pdftex.def Info: Drohnenanordnungsmethode_Beispiel.pdf  used on input l
ine 272.
(pdftex.def)             Requested size: 250.95476pt x 177.36473pt.
Package babel Info: Redefining german shorthand "f
(babel)             in language  on input line 277.
Package babel Info: Redefining german shorthand "|
(babel)             in language  on input line 277.
Package babel Info: Redefining german shorthand "~
(babel)             in language  on input line 277.

Underfull \vbox (badness 10000) has occurred while \output is active []

Package babel Info: Redefining german shorthand "f
(babel)             in language  on input line 281.
Package babel Info: Redefining german shorthand "|
(babel)             in language  on input line 281.
Package babel Info: Redefining german shorthand "~
(babel)             in language  on input line 281.
Package babel Info: Redefining german shorthand "f
(babel)             in language  on input line 281.
Package babel Info: Redefining german shorthand "|
(babel)             in language  on input line 281.
Package babel Info: Redefining german shorthand "~
(babel)             in language  on input line 281.
 [4 <./120px-Crossing_rule.png> <./120px-Overtaking_rule.png>]
Package babel Info: Redefining german shorthand "f
(babel)             in language  on input line 281.
Package babel Info: Redefining german shorthand "|
(babel)             in language  on input line 281.
Package babel Info: Redefining german shorthand "~
(babel)             in language  on input line 281.
Package babel Info: Redefining german shorthand "f
(babel)             in language  on input line 281.
Package babel Info: Redefining german shorthand "|
(babel)             in language  on input line 281.
Package babel Info: Redefining german shorthand "~
(babel)             in language  on input line 281.
 [5 <./Drohnenanordnungsmethode.png> <./Drohnenanordnungsmethode_Beispiel.pdf>]
<Flugkorridore_Dimensionen.png, id=205, 623.32875pt x 493.845pt>
File: Flugkorridore_Dimensionen.png Graphic file (type png)
<use Flugkorridore_Dimensionen.png>
Package pdftex.def Info: Flugkorridore_Dimensionen.png  used on input line 284.

(pdftex.def)             Requested size: 167.2989pt x 132.5487pt.
Package babel Info: Redefining german shorthand "f
(babel)             in language  on input line 292.
Package babel Info: Redefining german shorthand "|
(babel)             in language  on input line 292.
Package babel Info: Redefining german shorthand "~
(babel)             in language  on input line 292.
Package babel Info: Redefining german shorthand "f
(babel)             in language  on input line 297.
Package babel Info: Redefining german shorthand "|
(babel)             in language  on input line 297.
Package babel Info: Redefining german shorthand "~
(babel)             in language  on input line 297.
Package babel Info: Redefining german shorthand "f
(babel)             in language  on input line 300.
Package babel Info: Redefining german shorthand "|
(babel)             in language  on input line 300.
Package babel Info: Redefining german shorthand "~
(babel)             in language  on input line 300.

Underfull \vbox (badness 10000) has occurred while \output is active []

Package babel Info: Redefining german shorthand "f
(babel)             in language  on input line 304.
Package babel Info: Redefining german shorthand "|
(babel)             in language  on input line 304.
Package babel Info: Redefining german shorthand "~
(babel)             in language  on input line 304.
Package babel Info: Redefining german shorthand "f
(babel)             in language  on input line 304.
Package babel Info: Redefining german shorthand "|
(babel)             in language  on input line 304.
Package babel Info: Redefining german shorthand "~
(babel)             in language  on input line 304.
 [6 <./Flugkorridore_Dimensionen.png>]
<Gruppenerkennung_beispiele1.png, id=216, 380.92313pt x 371.13657pt>
File: Gruppenerkennung_beispiele1.png Graphic file (type png)
<use Gruppenerkennung_beispiele1.png>
Package pdftex.def Info: Gruppenerkennung_beispiele1.png  used on input line 30
9.
(pdftex.def)             Requested size: 167.2989pt x 163.00044pt.
<Gruppenerkennung_beispiele2.png, id=217, 553.31718pt x 443.40656pt>
File: Gruppenerkennung_beispiele2.png Graphic file (type png)
<use Gruppenerkennung_beispiele2.png>
Package pdftex.def Info: Gruppenerkennung_beispiele2.png  used on input line 31
6.
(pdftex.def)             Requested size: 167.2989pt x 134.06493pt.
Package babel Info: Redefining german shorthand "f
(babel)             in language  on input line 321.
Package babel Info: Redefining german shorthand "|
(babel)             in language  on input line 321.
Package babel Info: Redefining german shorthand "~
(babel)             in language  on input line 321.
Package babel Info: Redefining german shorthand "f
(babel)             in language  on input line 323.
Package babel Info: Redefining german shorthand "|
(babel)             in language  on input line 323.
Package babel Info: Redefining german shorthand "~
(babel)             in language  on input line 323.
Package babel Info: Redefining german shorthand "f
(babel)             in language  on input line 326.
Package babel Info: Redefining german shorthand "|
(babel)             in language  on input line 326.
Package babel Info: Redefining german shorthand "~
(babel)             in language  on input line 326.
Package babel Info: Redefining german shorthand "f
(babel)             in language  on input line 328.
Package babel Info: Redefining german shorthand "|
(babel)             in language  on input line 328.
Package babel Info: Redefining german shorthand "~
(babel)             in language  on input line 328.

Underfull \vbox (badness 10000) has occurred while \output is active []

Package babel Info: Redefining german shorthand "f
(babel)             in language  on input line 336.
Package babel Info: Redefining german shorthand "|
(babel)             in language  on input line 336.
Package babel Info: Redefining german shorthand "~
(babel)             in language  on input line 336.
Package babel Info: Redefining german shorthand "f
(babel)             in language  on input line 336.
Package babel Info: Redefining german shorthand "|
(babel)             in language  on input line 336.
Package babel Info: Redefining german shorthand "~
(babel)             in language  on input line 336.
 [7 <./Gruppenerkennung_beispiele1.png> <./Gruppenerkennung_beispiele2.png>]
Package babel Info: Redefining german shorthand "f
(babel)             in language  on input line 336.
Package babel Info: Redefining german shorthand "|
(babel)             in language  on input line 336.
Package babel Info: Redefining german shorthand "~
(babel)             in language  on input line 336.
Package babel Info: Redefining german shorthand "f
(babel)             in language  on input line 336.
Package babel Info: Redefining german shorthand "|
(babel)             in language  on input line 336.
Package babel Info: Redefining german shorthand "~
(babel)             in language  on input line 336.
 [8]
Package babel Info: Redefining german shorthand "f
(babel)             in language  on input line 338.
Package babel Info: Redefining german shorthand "|
(babel)             in language  on input line 338.
Package babel Info: Redefining german shorthand "~
(babel)             in language  on input line 338.

(Bachelorarbeit.bbl)
Package atveryend Info: Empty hook `BeforeClearDocument' on input line 344.
Package babel Info: Redefining german shorthand "f
(babel)             in language  on input line 344.
Package babel Info: Redefining german shorthand "|
(babel)             in language  on input line 344.
Package babel Info: Redefining german shorthand "~
(babel)             in language  on input line 344.
Package babel Info: Redefining german shorthand "f
(babel)             in language  on input line 344.
Package babel Info: Redefining german shorthand "|
(babel)             in language  on input line 344.
Package babel Info: Redefining german shorthand "~
(babel)             in language  on input line 344.
 [9

]
Package atveryend Info: Empty hook `AfterLastShipout' on input line 344.
 (Bachelorarbeit.aux)
Package atveryend Info: Executing hook `AtVeryEndDocument' on input line 344.
Package atveryend Info: Executing hook `AtEndAfterFileList' on input line 344.
Package rerunfilecheck Info: File `Bachelorarbeit.out' has not changed.
(rerunfilecheck)             Checksum: 9C0E9D560CACA991824C16863306996B;1175.


LaTeX Warning: There were multiply-defined labels.

Package atveryend Info: Empty hook `AtVeryVeryEnd' on input line 344.
 ) 
Here is how much of TeX's memory you used:
 8949 strings out of 493305
 136905 string characters out of 3128932
 232445 words of memory out of 3000000
 12248 multiletter control sequences out of 15000+200000
 47860 words of font info for 100 fonts, out of 3000000 for 9000
 1141 hyphenation exceptions out of 8191
 35i,11n,45p,893b,488s stack positions out of 5000i,500n,10000p,200000b,50000s
<C:/Users/Gonzalo/AppData/Local/Programs/MiKTeX 2.9/fonts/type1/public/amsfon
ts/cm/cmbx10.pfb><C:/Users/Gonzalo/AppData/Local/Programs/MiKTeX 2.9/fonts/type
1/public/amsfonts/cm/cmbx12.pfb><C:/Users/Gonzalo/AppData/Local/Programs/MiKTeX
 2.9/fonts/type1/public/amsfonts/cm/cmr10.pfb><C:/Users/Gonzalo/AppData/Local/P
rograms/MiKTeX 2.9/fonts/type1/public/amsfonts/cm/cmr12.pfb><C:/Users/Gonzalo/A
ppData/Local/Programs/MiKTeX 2.9/fonts/type1/public/amsfonts/cm/cmr17.pfb><C:/U
sers/Gonzalo/AppData/Local/Programs/MiKTeX 2.9/fonts/type1/public/amsfonts/cm/c
mr7.pfb><C:/Users/Gonzalo/AppData/Local/Programs/MiKTeX 2.9/fonts/type1/public/
amsfonts/cm/cmr8.pfb>
Output written on Bachelorarbeit.pdf (17 pages, 479974 bytes).
PDF statistics:
 270 PDF objects out of 1000 (max. 8388607)
 51 named destinations out of 1000 (max. 500000)
 195 words of extra memory for PDF output out of 10000 (max. 10000000)

